[Licensing::Module] Trying to connect to existing licensing client channel...
Built from '6000.3/staging' branch; Version is '6000.3.0f1 (d1870ce95baf) revision 13731596'; Using compiler version '194234433'; Build Type 'Release'
OS: 'Windows 11  (10.0.26200) 64bit Professional' Language: 'en' Physical Memory: 32687 MB
[Licensing::IpcConnector] Successfully connected to: "LicenseClient-gungo" at "2026-06-26T10:53:45.8622735Z"
BatchMode: 1, IsHumanControllingUs: 0, StartBugReporterOnCrash: 0, Is64bit: 1
Date: 2026-06-26T10:53:45Z

COMMAND LINE ARGUMENTS:
C:\Program Files\Unity\Hub\Editor\6000.3.0f1\Editor\Unity.exe
-adb2
-batchMode
-noUpm
-name
AssetImportWorker0
-projectPath
C:/Users/gungo/Documents/GitHub/rc-arena/Sefa_Ozkan_Vertigo_TechArt_Case
-logFile
Logs/AssetImportWorker0.log
-srvPort
62681
-licensingIpc
LicenseClient-gungo
-job-worker-count
15
-background-job-worker-count
8
-gc-helper-count
1
-name
AssetImport
Successfully changed project path to: C:/Users/gungo/Documents/GitHub/rc-arena/Sefa_Ozkan_Vertigo_TechArt_Case
C:/Users/gungo/Documents/GitHub/rc-arena/Sefa_Ozkan_Vertigo_TechArt_Case
[UnityMemory] Configuration Parameters - Can be set up in boot.config
    "memorysetup-temp-allocator-size-nav-mesh-worker=65536"
    "memorysetup-temp-allocator-size-audio-worker=65536"
    "memorysetup-temp-allocator-size-gfx=262144"
    "memorysetup-allocator-temp-initial-block-size-main=262144"
    "memorysetup-allocator-temp-initial-block-size-worker=262144"
    "memorysetup-temp-allocator-size-background-worker=32768"
    "memorysetup-temp-allocator-size-job-worker=262144"
    "memorysetup-temp-allocator-size-preload-manager=33554432"
    "memorysetup-temp-allocator-size-gi-baking-worker=262144"
    "memorysetup-temp-allocator-size-gi-baking-worker=262144"
    "memorysetup-temp-allocator-size-gi-baking-worker=262144"
    "memorysetup-temp-allocator-size-gi-baking-worker=262144"
    "memorysetup-temp-allocator-size-gi-baking-worker=262144"
    "memorysetup-bucket-allocator-granularity=16"
    "memorysetup-bucket-allocator-bucket-count=8"
    "memorysetup-bucket-allocator-block-size=33554432"
    "memorysetup-bucket-allocator-block-count=8"
    "memorysetup-main-allocator-block-size=16777216"
    "memorysetup-thread-allocator-block-size=16777216"
    "memorysetup-gfx-main-allocator-block-size=16777216"
    "memorysetup-gfx-thread-allocator-block-size=16777216"
    "memorysetup-cache-allocator-block-size=4194304"
    "memorysetup-typetree-allocator-block-size=2097152"
    "memorysetup-profiler-bucket-allocator-granularity=16"
    "memorysetup-profiler-bucket-allocator-bucket-count=8"
    "memorysetup-profiler-bucket-allocator-block-size=33554432"
    "memorysetup-profiler-bucket-allocator-block-count=8"
    "memorysetup-profiler-allocator-block-size=16777216"
    "memorysetup-profiler-editor-allocator-block-size=1048576"
    "memorysetup-temp-allocator-size-main=16777216"
    "memorysetup-job-temp-allocator-block-size=2097152"
    "memorysetup-job-temp-allocator-block-size-background=1048576"
    "memorysetup-job-temp-allocator-reduction-small-platforms=262144"
    "memorysetup-temp-allocator-size-cloud-worker=32768"
Player connection [41924]  Target information:

Player connection [41924]  * "[IP] 192.168.1.100 [Port] 0 [Flags] 2 [Guid] 1363175131 [EditorId] 1363175131 [Version] 1048832 [Id] WindowsEditor(7,DamnPc) [Debug] 1 [PackageName] WindowsEditor [ProjectName] Editor" 

Player connection [41924] Host joined multi-casting on [225.0.0.222:54997]...
Player connection [41924] Host joined alternative multi-casting on [225.0.0.222:34997]...
JobSystem: Creating JobQueue using job-worker-count value 15
Input System module state changed to: Initialized.
[Physics::Module] Initialized fallback backend.
[Physics::Module] Id: 0xdecafbad
Library Redirect Path: Library/
[Physics::Module] Selected backend.
[Physics::Module] Name: PhysX
[Physics::Module] Id: 0xf2b8ea05
[Physics::Module] SDK Version: 4.1.2
[Physics::Module] Integration Version: 1.0.0
[Physics::Module] Threading Mode: Multi-Threaded
Refreshing native plugins compatible for Editor in 83.69 ms, found 3 plugins.
Preloading 0 native plugins for Editor in 0.00 ms.
Initialize engine version: 6000.3.0f1 (d1870ce95baf)
[Subsystems] Discovering subsystems at path C:/Program Files/Unity/Hub/Editor/6000.3.0f1/Editor/Data/Resources/UnitySubsystems
[Subsystems] Discovering subsystems at path C:/Users/gungo/Documents/GitHub/rc-arena/Sefa_Ozkan_Vertigo_TechArt_Case/Assets
GfxDevice: creating device client; kGfxThreadingModeNonThreaded
Direct3D:
    Version:  Direct3D 11.0 [level 11.1]
    Renderer: NVIDIA GeForce RTX 4070 Ti (ID=0x2782)
    Vendor:   NVIDIA
    VRAM:     11996 MB
    Driver:   32.0.15.9186
[Licensing::Client] Error: HandshakeResponse reported an error:
	ResponseCode: 505
	ResponseStatus: Unsupported protocol version '1.17.4'.
[Licensing::Module] Error: Failed to handshake to channel: "LicenseClient-gungo"
[Licensing::IpcConnector] LicenseClient-gungo channel disconnected successfully.
[Licensing::IpcConnector] Successfully connected to: "LicenseClient-gungo-6000.3.0" at "2026-06-26T10:53:46.834012Z"
Initialize mono
Mono path[0] = 'C:/Program Files/Unity/Hub/Editor/6000.3.0f1/Editor/Data/Managed'
Mono path[1] = 'C:/Program Files/Unity/Hub/Editor/6000.3.0f1/Editor/Data/MonoBleedingEdge/lib/mono/unityjit-win32'
Mono config path = 'C:/Program Files/Unity/Hub/Editor/6000.3.0f1/Editor/Data/MonoBleedingEdge/etc'
Using monoOptions --debugger-agent=transport=dt_socket,embedding=1,server=y,suspend=n,address=127.0.0.1:56440
Begin MonoManager ReloadAssembly
[Licensing::Client] Handshaking with LicensingClient:
  Version:                 1.17.4+4293ba1
  Session Id:              01f6819683b44d82a5551cdcb662ea9d
  Correlation Id:          358059e91bc7f1cc4da9d0a0b6aa620e
  External correlation Id: 2809213801855408172
  Machine Id:              idWXo4XJ4OQ6P5eYXeY+yU7FltA=
[Licensing::Module] Successfully connected to LicensingClient on channel: "LicenseClient-gungo-6000.3.0" (connect: 0.00s, validation: 0.00s, handshake: 0.87s)
[Licensing::IpcConnector] Successfully connected to: "LicenseClient-gungo-6000.3.0-notifications" at "2026-06-26T10:53:47.7092135Z"
[Licensing::Module] Licensing Background thread has ended after 1.85s
Registering precompiled unity dll's ...
Register platform support module: C:/Program Files/Unity/Hub/Editor/6000.3.0f1/Editor/Data/PlaybackEngines/WindowsStandaloneSupport/UnityEditor.WindowsStandalone.Extensions.dll
Registered in 0.103998 seconds.
- Loaded All Assemblies, in 11.324 seconds
Native extension for WindowsStandalone target not found
Mono: successfully reloaded assembly
- Finished resetting the current domain, in  0.461 seconds
Domain Reload Profiling: 11781ms
	BeginReloadAssembly (9346ms)
		ExecutionOrderSort (0ms)
		DisableScriptedObjects (0ms)
		BackupInstance (0ms)
		ReleaseScriptingObjects (0ms)
		CreateAndSetChildDomain (1ms)
	RebuildCommonClasses (508ms)
	RebuildNativeTypeToScriptingClass (19ms)
	initialDomainReloadingComplete (170ms)
	LoadAllAssembliesAndSetupDomain (1276ms)
		LoadAssemblies (9342ms)
		RebuildTransferFunctionScriptingTraits (0ms)
		AnalyzeDomain (1272ms)
			TypeCache.Refresh (1270ms)
				TypeCache.ScanAssembly (966ms)
			BuildScriptInfoCaches (0ms)
			ResolveRequiredComponents (1ms)
	FinalizeReload (462ms)
		ReleaseScriptCaches (0ms)
		RebuildScriptCaches (0ms)
		SetupLoadedEditorAssemblies (403ms)
			LogAssemblyErrors (0ms)
			InitializePlatformSupportModulesInManaged (64ms)
			SetLoadedEditorAssemblies (4ms)
			BeforeProcessingInitializeOnLoad (107ms)
			ProcessInitializeOnLoadAttributes (147ms)
			ProcessInitializeOnLoadMethodAttributes (82ms)
			AfterProcessingInitializeOnLoad (0ms)
			EditorAssembliesLoaded (0ms)
		ExecutionOrderSort2 (0ms)
		AwakeInstancesAfterBackupRestoration (0ms)
========================================================================
Worker process is ready to serve import requests
Import Worker Mode flag is 0x00
Begin MonoManager ReloadAssembly
[Licensing::Client] Successfully resolved entitlement details
[Licensing::Module] License group:
  Id: 18966750534744-UnityPersXXXX
  Product: Unity Personal
  Type: Assigned
  Expiration: Unlimited
- Loaded All Assemblies, in  8.655 seconds
Refreshing native plugins compatible for Editor in 1.25 ms, found 3 plugins.
Native extension for WindowsStandalone target not found
Package Manager log level set to [2]
[Package Manager] Failed to launch server process. Reason: Unity was launched with the -noUpm command-line argument
[Package Manager] Unable to send message (not connected to server process).
[Package Manager] Cannot connect to Unity Package Manager local server
Mono: successfully reloaded assembly
- Finished resetting the current domain, in  1.242 seconds
Domain Reload Profiling: 9891ms
	BeginReloadAssembly (172ms)
		ExecutionOrderSort (0ms)
		DisableScriptedObjects (5ms)
		BackupInstance (0ms)
		ReleaseScriptingObjects (0ms)
		CreateAndSetChildDomain (34ms)
	RebuildCommonClasses (32ms)
	RebuildNativeTypeToScriptingClass (10ms)
	initialDomainReloadingComplete (39ms)
	LoadAllAssembliesAndSetupDomain (8394ms)
		LoadAssemblies (8017ms)
		RebuildTransferFunctionScriptingTraits (0ms)
		AnalyzeDomain (470ms)
			TypeCache.Refresh (413ms)
				TypeCache.ScanAssembly (397ms)
			BuildScriptInfoCaches (44ms)
			ResolveRequiredComponents (9ms)
	FinalizeReload (1243ms)
		ReleaseScriptCaches (0ms)
		RebuildScriptCaches (0ms)
		SetupLoadedEditorAssemblies (639ms)
			LogAssemblyErrors (0ms)
			InitializePlatformSupportModulesInManaged (1ms)
			SetLoadedEditorAssemblies (3ms)
			BeforeProcessingInitializeOnLoad (133ms)
			ProcessInitializeOnLoadAttributes (435ms)
			ProcessInitializeOnLoadMethodAttributes (55ms)
			AfterProcessingInitializeOnLoad (11ms)
			EditorAssembliesLoaded (0ms)
		ExecutionOrderSort2 (0ms)
		AwakeInstancesAfterBackupRestoration (6ms)
Launched and connected shader compiler UnityShaderCompiler.exe after 0.03 seconds
Refreshing native plugins compatible for Editor in 1.62 ms, found 3 plugins.
Preloading 0 native plugins for Editor in 0.00 ms.
Unloading 16 Unused Serialized files (Serialized files now loaded: 0)
Unloading 6301 unused Assets / (4.6 MB). Loaded Objects now: 7128.
Memory consumption went from 149.4 MB to 144.8 MB.
Total: 10.252200 ms (FindLiveObjects: 0.740200 ms CreateObjectMapping: 0.869200 ms MarkObjects: 6.230600 ms  DeleteObjects: 2.411800 ms)

========================================================================
Received Import Request.
  Time since last request: 665500.243316 seconds.
  path: Assets/TextMesh Pro/Resources/Fonts & Materials/LilitaOne-Regular SDF.asset
  artifactKey: Guid(0dba1f8f0e7384649b7bbd60aafec674) Importer(2089858483,b0f066a214c2f5e87bad3c948f4d605d)
Start importing Assets/TextMesh Pro/Resources/Fonts & Materials/LilitaOne-Regular SDF.asset using Guid(0dba1f8f0e7384649b7bbd60aafec674) Importer(2089858483,b0f066a214c2f5e87bad3c948f4d605d) (ScriptedImporter) -> (artifact id: 'e375f88406c98175ff82d890c9fb4519') in 0.1291591 seconds
Number of updated asset objects reloaded before import = 0Number of asset objects unloaded after import = 5

========================================================================
Received Prepare
Refreshing native plugins compatible for Editor in 1.28 ms, found 3 plugins.
Preloading 0 native plugins for Editor in 0.00 ms.
Unloading 16 Unused Serialized files (Serialized files now loaded: 0)
Unloading 6292 unused Assets / (3.9 MB). Loaded Objects now: 7129.
Memory consumption went from 148.3 MB to 144.4 MB.
Total: 10.402800 ms (FindLiveObjects: 0.997800 ms CreateObjectMapping: 1.137900 ms MarkObjects: 6.072100 ms  DeleteObjects: 2.194300 ms)

Prepare: number of updated asset objects reloaded= 0
========================================================================
Received Prepare
Begin MonoManager ReloadAssembly
[Licensing::Client] Successfully resolved entitlement details
- Loaded All Assemblies, in  0.726 seconds
Refreshing native plugins compatible for Editor in 1.35 ms, found 3 plugins.
Native extension for WindowsStandalone target not found
[Package Manager] Failed to launch server process. Reason: Unity was launched with the -noUpm command-line argument
[Package Manager] Unable to send message (not connected to server process).
[Package Manager] Cannot connect to Unity Package Manager local server
Mono: successfully reloaded assembly
- Finished resetting the current domain, in  1.012 seconds
Domain Reload Profiling: 1736ms
	BeginReloadAssembly (214ms)
		ExecutionOrderSort (0ms)
		DisableScriptedObjects (6ms)
		BackupInstance (0ms)
		ReleaseScriptingObjects (0ms)
		CreateAndSetChildDomain (56ms)
	RebuildCommonClasses (32ms)
	RebuildNativeTypeToScriptingClass (11ms)
	initialDomainReloadingComplete (33ms)
	LoadAllAssembliesAndSetupDomain (433ms)
		LoadAssemblies (370ms)
		RebuildTransferFunctionScriptingTraits (0ms)
		AnalyzeDomain (155ms)
			TypeCache.Refresh (10ms)
				TypeCache.ScanAssembly (0ms)
			BuildScriptInfoCaches (130ms)
			ResolveRequiredComponents (10ms)
	FinalizeReload (1012ms)
		ReleaseScriptCaches (0ms)
		RebuildScriptCaches (0ms)
		SetupLoadedEditorAssemblies (851ms)
			LogAssemblyErrors (0ms)
			InitializePlatformSupportModulesInManaged (1ms)
			SetLoadedEditorAssemblies (3ms)
			BeforeProcessingInitializeOnLoad (180ms)
			ProcessInitializeOnLoadAttributes (569ms)
			ProcessInitializeOnLoadMethodAttributes (84ms)
			AfterProcessingInitializeOnLoad (13ms)
			EditorAssembliesLoaded (0ms)
		ExecutionOrderSort2 (0ms)
		AwakeInstancesAfterBackupRestoration (19ms)
Refreshing native plugins compatible for Editor in 1.10 ms, found 3 plugins.
Preloading 0 native plugins for Editor in 0.00 ms.
Unloading 16 Unused Serialized files (Serialized files now loaded: 0)
Unloading 6298 unused Assets / (4.7 MB). Loaded Objects now: 7145.
Memory consumption went from 154.9 MB to 150.2 MB.
Total: 12.696100 ms (FindLiveObjects: 1.135600 ms CreateObjectMapping: 1.023500 ms MarkObjects: 7.632900 ms  DeleteObjects: 2.903200 ms)

Prepare: number of updated asset objects reloaded= 0
========================================================================
Received Import Request.
  Time since last request: 111.842509 seconds.
  path: Assets/Documentation/SETUP_GUIDE.md
  artifactKey: Guid(b6a162bf733a6d94794f3b4b2e29e334) Importer(815301076,1909f56bfc062723c751e8b465ee728b)
Start importing Assets/Documentation/SETUP_GUIDE.md using Guid(b6a162bf733a6d94794f3b4b2e29e334) Importer(815301076,1909f56bfc062723c751e8b465ee728b) (PreviewImporter) -> (artifact id: 'fe89fb91cbd8641a3664189e7d822889') in 0.0311024 seconds
Number of updated asset objects reloaded before import = 0Number of asset objects unloaded after import = 1

========================================================================
Received Import Request.
  Time since last request: 11.740462 seconds.
  path: Assets/Documentation/README.md
  artifactKey: Guid(b6a162bf733a6d94794f3b4b2e29e334) Importer(815301076,1909f56bfc062723c751e8b465ee728b)
Start importing Assets/Documentation/README.md using Guid(b6a162bf733a6d94794f3b4b2e29e334) Importer(815301076,1909f56bfc062723c751e8b465ee728b) (PreviewImporter) -> (artifact id: '4f266852c787855fded9f54ee1120e6e') in 0.0010291 seconds
Number of updated asset objects reloaded before import = 0Number of asset objects unloaded after import = 1

========================================================================
Received Import Request.
  Time since last request: 984.622824 seconds.
  path: Assets/Documentation/README.md
  artifactKey: Guid(b6a162bf733a6d94794f3b4b2e29e334) Importer(2089858483,b0f066a214c2f5e87bad3c948f4d605d)
Start importing Assets/Documentation/README.md using Guid(b6a162bf733a6d94794f3b4b2e29e334) Importer(2089858483,b0f066a214c2f5e87bad3c948f4d605d) (ScriptedImporter) -> (artifact id: '47fda45fac67e57bc82b428cb969a988') in 0.0440914 seconds
Number of updated asset objects reloaded before import = 0Number of asset objects unloaded after import = 1

========================================================================
Received Import Request.
  Time since last request: 218.608852 seconds.
  path: Assets/Shaders/GlowPulse.shader
  artifactKey: Guid(59776bf60791e414c9be1b64b97b4832) Importer(815301076,1909f56bfc062723c751e8b465ee728b)
Start importing Assets/Shaders/GlowPulse.shader using Guid(59776bf60791e414c9be1b64b97b4832) Importer(815301076,1909f56bfc062723c751e8b465ee728b) (PreviewImporter) -> (artifact id: '2a2209f4b42d78500e20ccb6fe4c955d') in 0.0008846 seconds
Number of updated asset objects reloaded before import = 0Number of asset objects unloaded after import = 0

========================================================================
Received Import Request.
  Time since last request: 2.892487 seconds.
  path: Assets/Shaders/ParticleAdditiveHDR.shader
  artifactKey: Guid(459e3ff56601902418328fb17294a7f6) Importer(815301076,1909f56bfc062723c751e8b465ee728b)
Start importing Assets/Shaders/ParticleAdditiveHDR.shader using Guid(459e3ff56601902418328fb17294a7f6) Importer(815301076,1909f56bfc062723c751e8b465ee728b) (PreviewImporter) -> (artifact id: '651096e764655a27ec88a65d59d050a3') in 0.0008845 seconds
Number of updated asset objects reloaded before import = 0Number of asset objects unloaded after import = 0

========================================================================
Received Import Request.
  Time since last request: 7.334580 seconds.
  path: Assets/Shaders/DiagonalShine.shader
  artifactKey: Guid(a3c2e1bb2ef088248864608c73469d65) Importer(815301076,1909f56bfc062723c751e8b465ee728b)
Start importing Assets/Shaders/DiagonalShine.shader using Guid(a3c2e1bb2ef088248864608c73469d65) Importer(815301076,1909f56bfc062723c751e8b465ee728b) (PreviewImporter) -> (artifact id: '796298126303fd9243e827a8e09f9633') in 0.000929 seconds
Number of updated asset objects reloaded before import = 0Number of asset objects unloaded after import = 0

========================================================================
Received Import Request.
  Time since last request: 2.747467 seconds.
  path: Assets/Shaders/DiagonalScroll.shader
  artifactKey: Guid(8908d624425be694284275c3a8f4bb89) Importer(815301076,1909f56bfc062723c751e8b465ee728b)
Start importing Assets/Shaders/DiagonalScroll.shader using Guid(8908d624425be694284275c3a8f4bb89) Importer(815301076,1909f56bfc062723c751e8b465ee728b) (PreviewImporter) -> (artifact id: '082feba97dfb45db59a2d79b00bd1d4d') in 0.0011511 seconds
Number of updated asset objects reloaded before import = 1Number of asset objects unloaded after import = 0

========================================================================
Received Import Request.
  Time since last request: 1.615606 seconds.
  path: Assets/Shaders/ShineSweep.shader
  artifactKey: Guid(f87fcfae67c9f794796622d42a591043) Importer(815301076,1909f56bfc062723c751e8b465ee728b)
Start importing Assets/Shaders/ShineSweep.shader using Guid(f87fcfae67c9f794796622d42a591043) Importer(815301076,1909f56bfc062723c751e8b465ee728b) (PreviewImporter) -> (artifact id: 'c997a02267946e60789fe1c97d92e1a0') in 0.0008949 seconds
Number of updated asset objects reloaded before import = 0Number of asset objects unloaded after import = 0

========================================================================
Received Import Request.
  Time since last request: 0.581253 seconds.
  path: Assets/Shaders/WaveScroll.shader
  artifactKey: Guid(a02847459267b0e499de1d16d0ddbf26) Importer(815301076,1909f56bfc062723c751e8b465ee728b)
Start importing Assets/Shaders/WaveScroll.shader using Guid(a02847459267b0e499de1d16d0ddbf26) Importer(815301076,1909f56bfc062723c751e8b465ee728b) (PreviewImporter) -> (artifact id: '03cd640da9cdadcb54283a4a7cd3e630') in 0.00089 seconds
Number of updated asset objects reloaded before import = 0Number of asset objects unloaded after import = 0

========================================================================
Received Import Request.
  Time since last request: 857.042201 seconds.
  path: Assets/Documentation/README.md
  artifactKey: Guid(b6a162bf733a6d94794f3b4b2e29e334) Importer(2089858483,b0f066a214c2f5e87bad3c948f4d605d)
Start importing Assets/Documentation/README.md using Guid(b6a162bf733a6d94794f3b4b2e29e334) Importer(2089858483,b0f066a214c2f5e87bad3c948f4d605d) (ScriptedImporter) -> (artifact id: '5b44e2dab85ea3ca31bdff3664edba24') in 0.0107029 seconds
Number of updated asset objects reloaded before import = 0Number of asset objects unloaded after import = 1

========================================================================
Received Import Request.
  Time since last request: 245.658978 seconds.
  path: Assets/Documentation/README.md
  artifactKey: Guid(b6a162bf733a6d94794f3b4b2e29e334) Importer(2089858483,b0f066a214c2f5e87bad3c948f4d605d)
Start importing Assets/Documentation/README.md using Guid(b6a162bf733a6d94794f3b4b2e29e334) Importer(2089858483,b0f066a214c2f5e87bad3c948f4d605d) (ScriptedImporter) -> (artifact id: '6e166f091b688f8079eb667201fdf414') in 0.0107671 seconds
Number of updated asset objects reloaded before import = 0Number of asset objects unloaded after import = 1

========================================================================
Received Import Request.
  Time since last request: 1094.493847 seconds.
  path: Assets/Shaders/ParticleAdditiveHDR.shader
  artifactKey: Guid(459e3ff56601902418328fb17294a7f6) Importer(2089858483,b0f066a214c2f5e87bad3c948f4d605d)
Start importing Assets/Shaders/ParticleAdditiveHDR.shader using Guid(459e3ff56601902418328fb17294a7f6) Importer(2089858483,b0f066a214c2f5e87bad3c948f4d605d) (ScriptedImporter) -> (artifact id: '6c6de0e4adb79043e7df0157d070fcc5') in 0.0395113 seconds
Number of updated asset objects reloaded before import = 2Number of asset objects unloaded after import = 1

========================================================================
Received Import Request.
  Time since last request: 3.835895 seconds.
  path: Assets/Materials/Particle/Claim1.mat
  artifactKey: Guid(078a603a90054be47abd452077f574fd) Importer(815301076,1909f56bfc062723c751e8b465ee728b)
Start importing Assets/Materials/Particle/Claim1.mat using Guid(078a603a90054be47abd452077f574fd) Importer(815301076,1909f56bfc062723c751e8b465ee728b) (PreviewImporter) -> (artifact id: 'bfe0647e000013619441800da81ffe1d') in 0.4279074 seconds
Number of updated asset objects reloaded before import = 0Number of asset objects unloaded after import = 2

========================================================================
Received Import Request.
  Time since last request: 0.000033 seconds.
  path: Assets/Materials/Particle/Weapon_Particle.mat
  artifactKey: Guid(1f59ef12b10a81d4695114b778d6c990) Importer(815301076,1909f56bfc062723c751e8b465ee728b)
Start importing Assets/Materials/Particle/Weapon_Particle.mat using Guid(1f59ef12b10a81d4695114b778d6c990) Importer(815301076,1909f56bfc062723c751e8b465ee728b) (PreviewImporter) -> (artifact id: '80a2c4318f943a5d6eec543d1340961b') in 0.0174023 seconds
Number of updated asset objects reloaded before import = 0Number of asset objects unloaded after import = 1

========================================================================
Received Import Request.
  Time since last request: 0.000036 seconds.
  path: Assets/Materials/Particle/ShineParticle.mat
  artifactKey: Guid(3215ca04c40706b449e05c0c4d6879f3) Importer(815301076,1909f56bfc062723c751e8b465ee728b)
Start importing Assets/Materials/Particle/ShineParticle.mat using Guid(3215ca04c40706b449e05c0c4d6879f3) Importer(815301076,1909f56bfc062723c751e8b465ee728b) (PreviewImporter) -> (artifact id: '4e22310d6977cb65689514cbe47dba06') in 0.0151826 seconds
Number of updated asset objects reloaded before import = 0Number of asset objects unloaded after import = 2

========================================================================
Received Import Request.
  Time since last request: 12.149335 seconds.
  path: Assets/Materials/Model/WaveMat.mat
  artifactKey: Guid(701945ff82276d84c9ce7417d3c75bca) Importer(815301076,1909f56bfc062723c751e8b465ee728b)
Start importing Assets/Materials/Model/WaveMat.mat using Guid(701945ff82276d84c9ce7417d3c75bca) Importer(815301076,1909f56bfc062723c751e8b465ee728b) (PreviewImporter) -> (artifact id: 'f6b62667988dc18c8f2eb2d0c7eaa967') in 0.0736118 seconds
Number of updated asset objects reloaded before import = 0Number of asset objects unloaded after import = 2

========================================================================
Received Import Request.
  Time since last request: 15.799781 seconds.
  path: Assets/Materials/Particle/Claim2.mat
  artifactKey: Guid(089b7c7dc36eb9346b9eb4ac52876cbb) Importer(2089858483,b0f066a214c2f5e87bad3c948f4d605d)
Start importing Assets/Materials/Particle/Claim2.mat using Guid(089b7c7dc36eb9346b9eb4ac52876cbb) Importer(2089858483,b0f066a214c2f5e87bad3c948f4d605d) (ScriptedImporter) -> (artifact id: 'ef1eb5e47b3738bc0f8a87012ea4880d') in 0.0244914 seconds
Number of updated asset objects reloaded before import = 0Number of asset objects unloaded after import = 2

========================================================================
Received Import Request.
  Time since last request: 0.000084 seconds.
  path: Assets/Materials/Particle/ShineParticle.mat
  artifactKey: Guid(3215ca04c40706b449e05c0c4d6879f3) Importer(2089858483,b0f066a214c2f5e87bad3c948f4d605d)
Start importing Assets/Materials/Particle/ShineParticle.mat using Guid(3215ca04c40706b449e05c0c4d6879f3) Importer(2089858483,b0f066a214c2f5e87bad3c948f4d605d) (ScriptedImporter) -> (artifact id: '48505d611053aaf411e8194b4ea4a396') in 0.0201445 seconds
Number of updated asset objects reloaded before import = 0Number of asset objects unloaded after import = 2

========================================================================
Received Import Request.
  Time since last request: 0.000029 seconds.
  path: Assets/Materials/Model/WaveMat.mat
  artifactKey: Guid(701945ff82276d84c9ce7417d3c75bca) Importer(2089858483,b0f066a214c2f5e87bad3c948f4d605d)
Start importing Assets/Materials/Model/WaveMat.mat using Guid(701945ff82276d84c9ce7417d3c75bca) Importer(2089858483,b0f066a214c2f5e87bad3c948f4d605d) (ScriptedImporter) -> (artifact id: 'a463bffaa5c7e3dab85a1c8643f66ba1') in 0.0231641 seconds
Number of updated asset objects reloaded before import = 0Number of asset objects unloaded after import = 2

Editor requested this worker to shutdown with reason: Scaling down because of idle timeout
AssetImportWorker is now disconnected from the server
Process exiting
Exiting without the bug reporter. Application will terminate with return code 0